<?xml version="1.0" encoding="UTF-8"?>
<!-- Generated by org.testng.reporters.JUnitXMLReporter -->
<testsuite ignored="0" hostname="Jyothi" failures="0" tests="5" name="Default test" time="77.572" errors="0" timestamp="2023-12-29T08:08:43 IST">
  <testcase classname="Testcases.Registration" name="registrationWithAllFields" time="1.373"/>
  <testcase classname="Testcases.Registration" name="registrationWithRequiredFields" time="5.437"/>
  <testcase classname="Testcases.Registration" name="RegistrationWithOutGivingFields" time="0.119"/>
  <testcase classname="Testcases.Registration" name="registerWithDuplicateField" time="0.918"/>
  <testcase classname="Testcases.Registration" name="registrationWithNonMandatoryFields" time="0.661"/>
</testsuite> <!-- Default test -->
