<?xml version="1.0" encoding="UTF-8"?>
<!-- Generated by org.testng.reporters.JUnitXMLReporter -->
<testsuite ignored="0" hostname="Jyothi" failures="1" tests="6" name="Test" time="76.247" errors="0" timestamp="2023-12-29T13:41:50 IST">
  <testcase classname="Testcases.Login" name="doLogin" time="6.598"/>
  <testcase classname="Testcases.Registration" name="registrationWithAllFields" time="1.93">
    <failure type="java.lang.AssertionError" message="expected [true] but found [false]">
      <![CDATA[java.lang.AssertionError: expected [true] but found [false]
at Testcases.Registration.registrationWithAllFields(Registration.java:48)
at java.base/java.util.ArrayList.forEach(ArrayList.java:1511)
... Removed 31 stack frames]]>
    </failure>
  </testcase> <!-- registrationWithAllFields -->
  <testcase classname="Testcases.Registration" name="registrationWithRequiredFields" time="5.716"/>
  <testcase classname="Testcases.Registration" name="RegistrationWithOutGivingFields" time="0.103"/>
  <testcase classname="Testcases.Registration" name="registerWithDuplicateField" time="1.632"/>
  <testcase classname="Testcases.Registration" name="registrationWithNonMandatoryFields" time="1.236"/>
</testsuite> <!-- Test -->
