<?xml version="1.0" encoding="UTF-8"?>
<!-- Generated by org.testng.reporters.JUnitXMLReporter -->
<testsuite ignored="0" hostname="Jyothi" failures="1" tests="6" name="Test" time="66.175" errors="0" timestamp="2023-12-29T11:39:39 IST">
  <testcase classname="Testcases.Login" name="doLogin" time="6.367"/>
  <testcase classname="Testcases.Registration" name="registrationWithAllFields" time="0.987">
    <failure type="java.lang.AssertionError" message="expected [true] but found [false]">
      <![CDATA[java.lang.AssertionError: expected [true] but found [false]
at Testcases.Registration.registrationWithAllFields(Registration.java:47)
at java.base/java.util.ArrayList.forEach(ArrayList.java:1511)
... Removed 31 stack frames]]>
    </failure>
  </testcase> <!-- registrationWithAllFields -->
  <testcase classname="Testcases.Registration" name="registrationWithRequiredFields" time="5.395"/>
  <testcase classname="Testcases.Registration" name="RegistrationWithOutGivingFields" time="0.132"/>
  <testcase classname="Testcases.Registration" name="registerWithDuplicateField" time="0.997"/>
  <testcase classname="Testcases.Registration" name="registrationWithNonMandatoryFields" time="0.651"/>
</testsuite> <!-- Test -->
