<?xml version="1.0" encoding="UTF-8"?>
<testng-results ignored="0" total="5" passed="4" failed="1" skipped="0">
  <reporter-output>
  </reporter-output>
  <suite started-at="2024-01-01T10:57:18 IST" name="Default suite" finished-at="2024-01-01T10:57:37 IST" duration-ms="19480">
    <groups>
    </groups>
    <test started-at="2024-01-01T10:57:18 IST" name="Default test" finished-at="2024-01-01T10:57:37 IST" duration-ms="19480">
      <class name="Testcases.LoginScenarios">
        <test-method is-config="true" signature="initBrowesr()[pri:0, instance:Testcases.LoginScenarios@4b013c76]" started-at="2024-01-01T10:57:18 IST" name="initBrowesr" finished-at="2024-01-01T10:57:23 IST" duration-ms="5810" status="PASS">
          <reporter-output>
          </reporter-output>
        </test-method> <!-- initBrowesr -->
        <test-method signature="loginWithValidCredentials()[pri:0, instance:Testcases.LoginScenarios@4b013c76]" started-at="2024-01-01T10:57:23 IST" name="loginWithValidCredentials" finished-at="2024-01-01T10:57:24 IST" duration-ms="706" status="PASS">
          <reporter-output>
          </reporter-output>
        </test-method> <!-- loginWithValidCredentials -->
        <test-method is-config="true" signature="logOut()[pri:0, instance:Testcases.LoginScenarios@4b013c76]" started-at="2024-01-01T10:57:24 IST" name="logOut" finished-at="2024-01-01T10:57:24 IST" duration-ms="248" status="PASS">
          <reporter-output>
          </reporter-output>
        </test-method> <!-- logOut -->
        <test-method is-config="true" signature="initBrowesr()[pri:0, instance:Testcases.LoginScenarios@4b013c76]" started-at="2024-01-01T10:57:24 IST" name="initBrowesr" finished-at="2024-01-01T10:57:27 IST" duration-ms="2262" status="PASS">
          <reporter-output>
          </reporter-output>
        </test-method> <!-- initBrowesr -->
        <test-method signature="loginWithinValiPassword()[pri:0, instance:Testcases.LoginScenarios@4b013c76]" started-at="2024-01-01T10:57:27 IST" name="loginWithinValiPassword" finished-at="2024-01-01T10:57:27 IST" duration-ms="429" status="PASS">
          <reporter-output>
          </reporter-output>
        </test-method> <!-- loginWithinValiPassword -->
        <test-method is-config="true" signature="logOut()[pri:0, instance:Testcases.LoginScenarios@4b013c76]" started-at="2024-01-01T10:57:27 IST" name="logOut" finished-at="2024-01-01T10:57:27 IST" duration-ms="231" status="PASS">
          <reporter-output>
          </reporter-output>
        </test-method> <!-- logOut -->
        <test-method is-config="true" signature="initBrowesr()[pri:0, instance:Testcases.LoginScenarios@4b013c76]" started-at="2024-01-01T10:57:27 IST" name="initBrowesr" finished-at="2024-01-01T10:57:30 IST" duration-ms="2415" status="PASS">
          <reporter-output>
          </reporter-output>
        </test-method> <!-- initBrowesr -->
        <test-method signature="loginWithinValidCredientials()[pri:0, instance:Testcases.LoginScenarios@4b013c76]" started-at="2024-01-01T10:57:30 IST" name="loginWithinValidCredientials" finished-at="2024-01-01T10:57:30 IST" duration-ms="459" status="PASS">
          <reporter-output>
          </reporter-output>
        </test-method> <!-- loginWithinValidCredientials -->
        <test-method is-config="true" signature="logOut()[pri:0, instance:Testcases.LoginScenarios@4b013c76]" started-at="2024-01-01T10:57:30 IST" name="logOut" finished-at="2024-01-01T10:57:30 IST" duration-ms="267" status="PASS">
          <reporter-output>
          </reporter-output>
        </test-method> <!-- logOut -->
        <test-method is-config="true" signature="initBrowesr()[pri:0, instance:Testcases.LoginScenarios@4b013c76]" started-at="2024-01-01T10:57:30 IST" name="initBrowesr" finished-at="2024-01-01T10:57:33 IST" duration-ms="2445" status="PASS">
          <reporter-output>
          </reporter-output>
        </test-method> <!-- initBrowesr -->
        <test-method signature="loginWithinValidEmail()[pri:0, instance:Testcases.LoginScenarios@4b013c76]" started-at="2024-01-01T10:57:33 IST" name="loginWithinValidEmail" finished-at="2024-01-01T10:57:33 IST" duration-ms="191" status="FAIL">
          <exception class="org.openqa.selenium.InvalidSelectorException">
            <message>
              <![CDATA[Compound class names not permitted
For documentation on this error, please visit: https://www.selenium.dev/documentation/webdriver/troubleshooting/errors#invalid-selector-exception
Build info: version: '4.10.0', revision: 'c14d967899'
System info: os.name: 'Windows 11', os.arch: 'amd64', os.version: '10.0', java.version: '17.0.8.1'
Driver info: driver.version: unknown]]>
            </message>
            <full-stacktrace>
              <![CDATA[org.openqa.selenium.InvalidSelectorException: Compound class names not permitted
For documentation on this error, please visit: https://www.selenium.dev/documentation/webdriver/troubleshooting/errors#invalid-selector-exception
Build info: version: '4.10.0', revision: 'c14d967899'
System info: os.name: 'Windows 11', os.arch: 'amd64', os.version: '10.0', java.version: '17.0.8.1'
Driver info: driver.version: unknown
at org.openqa.selenium.By$ByClassName.<init>(By.java:308)
at org.openqa.selenium.By.className(By.java:99)
at Testcases.LoginScenarios.loginWithinValidEmail(LoginScenarios.java:56)
at java.base/jdk.internal.reflect.NativeMethodAccessorImpl.invoke0(Native Method)
at java.base/jdk.internal.reflect.NativeMethodAccessorImpl.invoke(NativeMethodAccessorImpl.java:77)
at java.base/jdk.internal.reflect.DelegatingMethodAccessorImpl.invoke(DelegatingMethodAccessorImpl.java:43)
at java.base/java.lang.reflect.Method.invoke(Method.java:568)
at org.testng.internal.MethodInvocationHelper.invokeMethod(MethodInvocationHelper.java:133)
at org.testng.internal.TestInvoker.invokeMethod(TestInvoker.java:598)
at org.testng.internal.TestInvoker.invokeTestMethod(TestInvoker.java:173)
at org.testng.internal.MethodRunner.runInSequence(MethodRunner.java:46)
at org.testng.internal.TestInvoker$MethodInvocationAgent.invoke(TestInvoker.java:824)
at org.testng.internal.TestInvoker.invokeTestMethods(TestInvoker.java:146)
at org.testng.internal.TestMethodWorker.invokeTestMethods(TestMethodWorker.java:146)
at org.testng.internal.TestMethodWorker.run(TestMethodWorker.java:128)
at java.base/java.util.ArrayList.forEach(ArrayList.java:1511)
at org.testng.TestRunner.privateRun(TestRunner.java:794)
at org.testng.TestRunner.run(TestRunner.java:596)
at org.testng.SuiteRunner.runTest(SuiteRunner.java:377)
at org.testng.SuiteRunner.runSequentially(SuiteRunner.java:371)
at org.testng.SuiteRunner.privateRun(SuiteRunner.java:332)
at org.testng.SuiteRunner.run(SuiteRunner.java:276)
at org.testng.SuiteRunnerWorker.runSuite(SuiteRunnerWorker.java:53)
at org.testng.SuiteRunnerWorker.run(SuiteRunnerWorker.java:96)
at org.testng.TestNG.runSuitesSequentially(TestNG.java:1212)
at org.testng.TestNG.runSuitesLocally(TestNG.java:1134)
at org.testng.TestNG.runSuites(TestNG.java:1063)
at org.testng.TestNG.run(TestNG.java:1031)
at org.testng.remote.AbstractRemoteTestNG.run(AbstractRemoteTestNG.java:115)
at org.testng.remote.RemoteTestNG.initAndRun(RemoteTestNG.java:251)
at org.testng.remote.RemoteTestNG.main(RemoteTestNG.java:77)
]]>
            </full-stacktrace>
          </exception> <!-- org.openqa.selenium.InvalidSelectorException -->
          <reporter-output>
          </reporter-output>
        </test-method> <!-- loginWithinValidEmail -->
        <test-method is-config="true" signature="logOut()[pri:0, instance:Testcases.LoginScenarios@4b013c76]" started-at="2024-01-01T10:57:33 IST" name="logOut" finished-at="2024-01-01T10:57:33 IST" duration-ms="268" status="PASS">
          <reporter-output>
          </reporter-output>
        </test-method> <!-- logOut -->
        <test-method is-config="true" signature="initBrowesr()[pri:0, instance:Testcases.LoginScenarios@4b013c76]" started-at="2024-01-01T10:57:33 IST" name="initBrowesr" finished-at="2024-01-01T10:57:36 IST" duration-ms="2356" status="PASS">
          <reporter-output>
          </reporter-output>
        </test-method> <!-- initBrowesr -->
        <test-method signature="logout()[pri:0, instance:Testcases.LoginScenarios@4b013c76]" started-at="2024-01-01T10:57:36 IST" name="logout" finished-at="2024-01-01T10:57:37 IST" duration-ms="1116" status="PASS">
          <reporter-output>
          </reporter-output>
        </test-method> <!-- logout -->
        <test-method is-config="true" signature="logOut()[pri:0, instance:Testcases.LoginScenarios@4b013c76]" started-at="2024-01-01T10:57:37 IST" name="logOut" finished-at="2024-01-01T10:57:37 IST" duration-ms="227" status="PASS">
          <reporter-output>
          </reporter-output>
        </test-method> <!-- logOut -->
      </class> <!-- Testcases.LoginScenarios -->
    </test> <!-- Default test -->
  </suite> <!-- Default suite -->
</testng-results>
